07-31 18:04:03.676  22600-22600/net.usikkert.mapsandtoolbarcrash E/Parcel﹕ Class not found when unmarshalling: android.support.v7.widget.Toolbar$SavedState
    java.lang.ClassNotFoundException: android.support.v7.widget.Toolbar$SavedState
            at java.lang.Class.classForName(Native Method)
            at java.lang.Class.forName(Class.java:308)
            at android.os.Parcel.readParcelableCreator(Parcel.java:2284)
            at android.os.Parcel.readParcelable(Parcel.java:2248)
            at android.os.Parcel.readValue(Parcel.java:2155)
            at android.os.Parcel.readSparseArrayInternal(Parcel.java:2549)
            at android.os.Parcel.readSparseArray(Parcel.java:1877)
            at android.os.Parcel.readValue(Parcel.java:2212)
            at android.os.Parcel.readArrayMapInternal(Parcel.java:2488)
            at android.os.BaseBundle.unparcel(BaseBundle.java:221)
            at android.os.Bundle.getBundle(Bundle.java:782)
            at com.google.android.gms.maps.internal.MapStateHelper.getParcelableFromMapStateBundle(MapStateHelper.java:74)
            at com.google.maps.api.android.lib6.impl.s.onCreate(Unknown Source)
            at com.google.maps.api.android.lib6.impl.ak.onCreateView$70fd4f0b(Unknown Source)
            at com.google.android.gms.maps.internal.IMapFragmentDelegate$Stub.onTransact(IMapFragmentDelegate.java:107)
            at android.os.Binder.transact(Binder.java:380)
            at com.google.android.gms.maps.internal.IMapFragmentDelegate$zza$zza.onCreateView(Unknown Source)
            at com.google.android.gms.maps.SupportMapFragment$zza.onCreateView(Unknown Source)
            at com.google.android.gms.dynamic.zza$4.zzb(Unknown Source)
            at com.google.android.gms.dynamic.zza.zza(Unknown Source)
            at com.google.android.gms.dynamic.zza.onCreateView(Unknown Source)
            at com.google.android.gms.maps.SupportMapFragment.onCreateView(Unknown Source)
            at android.support.v4.app.Fragment.performCreateView(Fragment.java:1789)
            at android.support.v4.app.FragmentManagerImpl.moveToState(FragmentManager.java:924)
            at android.support.v4.app.FragmentManagerImpl.moveToState(FragmentManager.java:1116)
            at android.support.v4.app.FragmentManagerImpl.onCreateView(FragmentManager.java:2196)
            at android.support.v4.app.FragmentActivity.onCreateView(FragmentActivity.java:300)
            at android.view.LayoutInflater.createViewFromTag(LayoutInflater.java:727)
            at android.view.LayoutInflater.inflate(LayoutInflater.java:482)
            at android.view.LayoutInflater.inflate(LayoutInflater.java:414)
            at android.view.LayoutInflater.inflate(LayoutInflater.java:365)
            at com.android.internal.policy.impl.PhoneWindow.setContentView(PhoneWindow.java:404)
            at android.app.Activity.setContentView(Activity.java:2156)
            at net.usikkert.mapsandtoolbarcrash.MapsActivity.onCreate(MapsActivity.java:18)
            at android.app.Activity.performCreate(Activity.java:5958)
            at android.app.Instrumentation.callActivityOnCreate(Instrumentation.java:1129)
            at android.app.ActivityThread.performLaunchActivity(ActivityThread.java:2364)
            at android.app.ActivityThread.handleLaunchActivity(ActivityThread.java:2474)
            at android.app.ActivityThread.handleRelaunchActivity(ActivityThread.java:4286)
            at android.app.ActivityThread.access$900(ActivityThread.java:144)
            at android.app.ActivityThread$H.handleMessage(ActivityThread.java:1365)
            at android.os.Handler.dispatchMessage(Handler.java:102)
            at android.os.Looper.loop(Looper.java:155)
            at android.app.ActivityThread.main(ActivityThread.java:5696)
            at java.lang.reflect.Method.invoke(Native Method)
            at java.lang.reflect.Method.invoke(Method.java:372)
            at com.android.internal.os.ZygoteInit$MethodAndArgsCaller.run(ZygoteInit.java:1028)
            at com.android.internal.os.ZygoteInit.main(ZygoteInit.java:823)
     Caused by: java.lang.ClassNotFoundException: Didn't find class "android.support.v7.widget.Toolbar$SavedState" on path: DexPathList[[zip file "/data/data/com.google.android.gms/files/chimera-modules/module-d32cc8f8fa2a4b3de73158d7577162153152c2fc/MapsModule.apk"],nativeLibraryDirectories=[/vendor/lib, /system/lib]]
            at dalvik.system.BaseDexClassLoader.findClass(BaseDexClassLoader.java:56)
            at java.lang.ClassLoader.loadClass(ClassLoader.java:511)
            at java.lang.ClassLoader.loadClass(ClassLoader.java:469)
            at java.lang.Class.classForName(Native Method)
            at java.lang.Class.forName(Class.java:308)
            at android.os.Parcel.readParcelableCreator(Parcel.java:2284)
            at android.os.Parcel.readParcelable(Parcel.java:2248)
            at android.os.Parcel.readValue(Parcel.java:2155)
            at android.os.Parcel.readSparseArrayInternal(Parcel.java:2549)
            at android.os.Parcel.readSparseArray(Parcel.java:1877)
            at android.os.Parcel.readValue(Parcel.java:2212)
            at android.os.Parcel.readArrayMapInternal(Parcel.java:2488)
            at android.os.BaseBundle.unparcel(BaseBundle.java:221)
            at android.os.Bundle.getBundle(Bundle.java:782)
            at com.google.android.gms.maps.internal.MapStateHelper.getParcelableFromMapStateBundle(MapStateHelper.java:74)
            at com.google.maps.api.android.lib6.impl.s.onCreate(Unknown Source)
            at com.google.maps.api.android.lib6.impl.ak.onCreateView$70fd4f0b(Unknown Source)
            at com.google.android.gms.maps.internal.IMapFragmentDelegate$Stub.onTransact(IMapFragmentDelegate.java:107)
            at android.os.Binder.transact(Binder.java:380)
            at com.google.android.gms.maps.internal.IMapFragmentDelegate$zza$zza.onCreateView(Unknown Source)
            at com.google.android.gms.maps.SupportMapFragment$zza.onCreateView(Unknown Source)
            at com.google.android.gms.dynamic.zza$4.zzb(Unknown Source)
            at com.google.android.gms.dynamic.zza.zza(Unknown Source)
            at com.google.android.gms.dynamic.zza.onCreateView(Unknown Source)
            at com.google.android.gms.maps.SupportMapFragment.onCreateView(Unknown Source)
            at android.support.v4.app.Fragment.performCreateView(Fragment.java:1789)
            at android.support.v4.app.FragmentManagerImpl.moveToState(FragmentManager.java:924)
            at android.support.v4.app.FragmentManagerImpl.moveToState(FragmentManager.java:1116)
            at android.support.v4.app.FragmentManagerImpl.onCreateView(FragmentManager.java:2196)
            at android.support.v4.app.FragmentActivity.onCreateView(FragmentActivity.java:300)
            at android.view.LayoutInflater.createViewFromTag(LayoutInflater.java:727)
            at android.view.LayoutInflater.inflate(LayoutInflater.java:482)
            at android.view.LayoutInflater.inflate(LayoutInflater.java:414)
            at android.view.LayoutInflater.inflate(LayoutInflater.java:365)
            at com.android.internal.policy.impl.PhoneWindow.setContentView(PhoneWindow.java:404)
            at android.app.Activity.setContentView(Activity.java:2156)
            at net.usikkert.mapsandtoolbarcrash.MapsActivity.onCreate(MapsActivity.java:18)
            at android.app.Activity.performCreate(Activity.java:5958)
            at android.app.Instrumentation.callActivityOnCreate(Instrumentation.java:1129)
            at android.app.ActivityThread.performLaunchActivity(ActivityThread.java:2364)
            at android.app.ActivityThread.handleLaunchActivity(ActivityThread.java:2474)
            at android.app.ActivityThread.handleRelaunchActivity(ActivityThread.java:4286)
            at android.app.ActivityThread.access$900(ActivityThread.java:144)
            at android.app.ActivityThread$H.handleMessage(ActivityThread.java:1365)
            at android.os.Handler.dispatchMessage(Handler.java:102)
            at android.os.Looper.loop(Looper.java:155)
            at android.app.ActivityThread.main(ActivityThread.java:5696)
            at java.lang.reflect.Method.invoke(Native Method)
            at java.lang.reflect.Method.invoke(Method.java:372)
            at com.android.internal.os.ZygoteInit$MethodAndArgsCaller.run(ZygoteInit.java:1028)
            at com.android.internal.os.ZygoteInit.main(ZygoteInit.java:823)
    Suppressed: java.lang.ClassNotFoundException: android.support.v7.widget.T
07-31 18:04:03.676  22600-22600/net.usikkert.mapsandtoolbarcrash E/AndroidRuntime﹕ FATAL EXCEPTION: main
    Process: net.usikkert.mapsandtoolbarcrash, PID: 22600
    java.lang.RuntimeException: Unable to start activity ComponentInfo{net.usikkert.mapsandtoolbarcrash/net.usikkert.mapsandtoolbarcrash.MapsActivity}: android.view.InflateException: Binary XML file line #1: Error inflating class fragment
            at android.app.ActivityThread.performLaunchActivity(ActivityThread.java:2411)
            at android.app.ActivityThread.handleLaunchActivity(ActivityThread.java:2474)
            at android.app.ActivityThread.handleRelaunchActivity(ActivityThread.java:4286)
            at android.app.ActivityThread.access$900(ActivityThread.java:144)
            at android.app.ActivityThread$H.handleMessage(ActivityThread.java:1365)
            at android.os.Handler.dispatchMessage(Handler.java:102)
            at android.os.Looper.loop(Looper.java:155)
            at android.app.ActivityThread.main(ActivityThread.java:5696)
            at java.lang.reflect.Method.invoke(Native Method)
            at java.lang.reflect.Method.invoke(Method.java:372)
            at com.android.internal.os.ZygoteInit$MethodAndArgsCaller.run(ZygoteInit.java:1028)
            at com.android.internal.os.ZygoteInit.main(ZygoteInit.java:823)
     Caused by: android.view.InflateException: Binary XML file line #1: Error inflating class fragment
            at android.view.LayoutInflater.createViewFromTag(LayoutInflater.java:763)
            at android.view.LayoutInflater.inflate(LayoutInflater.java:482)
            at android.view.LayoutInflater.inflate(LayoutInflater.java:414)
            at android.view.LayoutInflater.inflate(LayoutInflater.java:365)
            at com.android.internal.policy.impl.PhoneWindow.setContentView(PhoneWindow.java:404)
            at android.app.Activity.setContentView(Activity.java:2156)
            at net.usikkert.mapsandtoolbarcrash.MapsActivity.onCreate(MapsActivity.java:18)
            at android.app.Activity.performCreate(Activity.java:5958)
            at android.app.Instrumentation.callActivityOnCreate(Instrumentation.java:1129)
            at android.app.ActivityThread.performLaunchActivity(ActivityThread.java:2364)
            at android.app.ActivityThread.handleLaunchActivity(ActivityThread.java:2474)
            at android.app.ActivityThread.handleRelaunchActivity(ActivityThread.java:4286)
            at android.app.ActivityThread.access$900(ActivityThread.java:144)
            at android.app.ActivityThread$H.handleMessage(ActivityThread.java:1365)
            at android.os.Handler.dispatchMessage(Handler.java:102)
            at android.os.Looper.loop(Looper.java:155)
            at android.app.ActivityThread.main(ActivityThread.java:5696)
            at java.lang.reflect.Method.invoke(Native Method)
            at java.lang.reflect.Method.invoke(Method.java:372)
            at com.android.internal.os.ZygoteInit$MethodAndArgsCaller.run(ZygoteInit.java:1028)
            at com.android.internal.os.ZygoteInit.main(ZygoteInit.java:823)
     Caused by: android.os.BadParcelableException: ClassNotFoundException when unmarshalling: android.support.v7.widget.Toolbar$SavedState
            at android.os.Parcel.readParcelableCreator(Parcel.java:2298)
            at android.os.Parcel.readParcelable(Parcel.java:2248)
            at android.os.Parcel.readValue(Parcel.java:2155)
            at android.os.Parcel.readSparseArrayInternal(Parcel.java:2549)
            at android.os.Parcel.readSparseArray(Parcel.java:1877)
            at android.os.Parcel.readValue(Parcel.java:2212)
            at android.os.Parcel.readArrayMapInternal(Parcel.java:2488)
            at android.os.BaseBundle.unparcel(BaseBundle.java:221)
            at android.os.Bundle.getBundle(Bundle.java:782)
            at com.google.android.gms.maps.internal.MapStateHelper.getParcelableFromMapStateBundle(MapStateHelper.java:74)
            at com.google.maps.api.android.lib6.impl.s.onCreate(Unknown Source)
            at com.google.maps.api.android.lib6.impl.ak.onCreateView$70fd4f0b(Unknown Source)
            at com.google.android.gms.maps.internal.IMapFragmentDelegate$Stub.onTransact(IMapFragmentDelegate.java:107)
            at android.os.Binder.transact(Binder.java:380)
            at com.google.android.gms.maps.internal.IMapFragmentDelegate$zza$zza.onCreateView(Unknown Source)
            at com.google.android.gms.maps.SupportMapFragment$zza.onCreateView(Unknown Source)
            at com.google.android.gms.dynamic.zza$4.zzb(Unknown Source)
            at com.google.android.gms.dynamic.zza.zza(Unknown Source)
            at com.google.android.gms.dynamic.zza.onCreateView(Unknown Source)
            at com.google.android.gms.maps.SupportMapFragment.onCreateView(Unknown Source)
            at android.support.v4.app.Fragment.performCreateView(Fragment.java:1789)
            at android.support.v4.app.FragmentManagerImpl.moveToState(FragmentManager.java:924)
            at android.support.v4.app.FragmentManagerImpl.moveToState(FragmentManager.java:1116)
            at android.support.v4.app.FragmentManagerImpl.onCreateView(FragmentManager.java:2196)
            at android.support.v4.app.FragmentActivity.onCreateView(FragmentActivity.java:300)
            at android.view.LayoutInflater.createViewFromTag(LayoutInflater.java:727)
            at android.view.LayoutInflater.inflate(LayoutInflater.java:482)
            at android.view.LayoutInflater.inflate(LayoutInflater.java:414)
            at android.view.LayoutInflater.inflate(LayoutInflater.java:365)
            at com.android.internal.policy.impl.PhoneWindow.setContentView(PhoneWindow.java:404)
            at android.app.Activity.setContentView(Activity.java:2156)
            at net.usikkert.mapsandtoolbarcrash.MapsActivity.onCreate(MapsActivity.java:18)
            at android.app.Activity.performCreate(Activity.java:5958)
            at android.app.Instrumentation.callActivityOnCreate(Instrumentation.java:1129)
            at android.app.ActivityThread.performLaunchActivity(ActivityThread.java:2364)
            at android.app.ActivityThread.handleLaunchActivity(ActivityThread.java:2474)
            at android.app.ActivityThread.handleRelaunchActivity(ActivityThread.java:4286)
            at android.app.ActivityThread.access$900(ActivityThread.java:144)
            at android.app.ActivityThread$H.handleMessage(ActivityThread.java:1365)
            at android.os.Handler.dispatchMessage(Handler.java:102)
            at android.os.Looper.loop(Looper.java:155)
            at android.app.ActivityThread.main(ActivityThread.java:5696)
            at java.lang.reflect.Method.invoke(Native Method)
            at java.lang.reflect.Method.invoke(Method.java:372)
            at com.android.internal.os.ZygoteInit$MethodAndArgsCaller.run(ZygoteInit.java:1028)
            at com.android.internal.os.ZygoteInit.main(ZygoteInit.java:823)
